0 info it worked if it ends with ok
1 verbose cli [ '/usr/local/bin/node',
1 verbose cli   '/usr/local/bin/npm',
1 verbose cli   'run',
1 verbose cli   'babel-node',
1 verbose cli   './bin/www' ]
2 info using npm@3.10.3
3 info using node@v6.3.0
4 verbose run-script [ 'prebabel-node', 'babel-node', 'postbabel-node' ]
5 info lifecycle readhoney@0.0.0~prebabel-node: readhoney@0.0.0
6 silly lifecycle readhoney@0.0.0~prebabel-node: no script for prebabel-node, continuing
7 info lifecycle readhoney@0.0.0~babel-node: readhoney@0.0.0
8 verbose lifecycle readhoney@0.0.0~babel-node: unsafe-perm in lifecycle true
9 verbose lifecycle readhoney@0.0.0~babel-node: PATH: /usr/local/lib/node_modules/npm/bin/node-gyp-bin:/Users/shakalee/LG/readhoney/readhoney/node_modules/.bin:/usr/local/bin:/Users/shakalee/.rbenv/shims:/usr/local/bin:/usr/bin:/bin:/usr/sbin:/sbin:/Applications/Postgres.app/Contents/Versions/latest/bin
10 verbose lifecycle readhoney@0.0.0~babel-node: CWD: /Users/shakalee/LG/readhoney/readhoney
11 silly lifecycle readhoney@0.0.0~babel-node: Args: [ '-c', 'babel-node --presets=es2015 "./bin/www"' ]
12 silly lifecycle readhoney@0.0.0~babel-node: Returned: code: 1  signal: null
13 info lifecycle readhoney@0.0.0~babel-node: Failed to exec babel-node script
14 verbose stack Error: readhoney@0.0.0 babel-node: `babel-node --presets=es2015 "./bin/www"`
14 verbose stack Exit status 1
14 verbose stack     at EventEmitter.<anonymous> (/usr/local/lib/node_modules/npm/lib/utils/lifecycle.js:242:16)
14 verbose stack     at emitTwo (events.js:106:13)
14 verbose stack     at EventEmitter.emit (events.js:191:7)
14 verbose stack     at ChildProcess.<anonymous> (/usr/local/lib/node_modules/npm/lib/utils/spawn.js:40:14)
14 verbose stack     at emitTwo (events.js:106:13)
14 verbose stack     at ChildProcess.emit (events.js:191:7)
14 verbose stack     at maybeClose (internal/child_process.js:852:16)
14 verbose stack     at Process.ChildProcess._handle.onexit (internal/child_process.js:215:5)
15 verbose pkgid readhoney@0.0.0
16 verbose cwd /Users/shakalee/LG/readhoney/readhoney
17 error Darwin 15.5.0
18 error argv "/usr/local/bin/node" "/usr/local/bin/npm" "run" "babel-node" "./bin/www"
19 error node v6.3.0
20 error npm  v3.10.3
21 error code ELIFECYCLE
22 error readhoney@0.0.0 babel-node: `babel-node --presets=es2015 "./bin/www"`
22 error Exit status 1
23 error Failed at the readhoney@0.0.0 babel-node script 'babel-node --presets=es2015 "./bin/www"'.
23 error Make sure you have the latest version of node.js and npm installed.
23 error If you do, this is most likely a problem with the readhoney package,
23 error not with npm itself.
23 error Tell the author that this fails on your system:
23 error     babel-node --presets=es2015 "./bin/www"
23 error You can get information on how to open an issue for this project with:
23 error     npm bugs readhoney
23 error Or if that isn't available, you can get their info via:
23 error     npm owner ls readhoney
23 error There is likely additional logging output above.
24 verbose exit [ 1, true ]
